<?xml version="1.0" encoding="UTF-8"?>
<testng-results ignored="0" total="1" passed="1" failed="0" skipped="0">
  <reporter-output>
  </reporter-output>
  <suite started-at="2022-12-31T09:26:32 IST" name="OpenCartSuit" finished-at="2022-12-31T09:26:36 IST" duration-ms="4608">
    <groups>
      <group name="sanity">
        <method signature="TC_002_Login.test_Login()[pri:0, instance:testCases.TC_002_Login@f09733f]" name="test_Login" class="testCases.TC_002_Login"/>
      </group> <!-- sanity -->
      <group name="master">
        <method signature="TC_002_Login.test_Login()[pri:0, instance:testCases.TC_002_Login@f09733f]" name="test_Login" class="testCases.TC_002_Login"/>
      </group> <!-- master -->
    </groups>
    <test started-at="2022-12-31T09:26:32 IST" name="OpenCartTests" finished-at="2022-12-31T09:26:36 IST" duration-ms="4608">
      <class name="testCases.TC_002_Login">
        <test-method is-config="true" signature="setup(java.lang.String)[pri:0, instance:testCases.TC_002_Login@f09733f]" started-at="2022-12-31T09:26:32 IST" name="setup" finished-at="2022-12-31T09:26:34 IST" duration-ms="2318" status="PASS">
          <params>
            <param index="0">
              <value>
                <![CDATA[chrome]]>
              </value>
            </param>
          </params>
          <reporter-output>
          </reporter-output>
        </test-method> <!-- setup -->
        <test-method signature="test_Login()[pri:0, instance:testCases.TC_002_Login@f09733f]" started-at="2022-12-31T09:26:34 IST" name="test_Login" finished-at="2022-12-31T09:26:36 IST" duration-ms="1861" status="PASS">
          <reporter-output>
          </reporter-output>
        </test-method> <!-- test_Login -->
        <test-method is-config="true" signature="tearDown()[pri:0, instance:testCases.TC_002_Login@f09733f]" started-at="2022-12-31T09:26:36 IST" name="tearDown" finished-at="2022-12-31T09:26:36 IST" duration-ms="210" status="PASS">
          <reporter-output>
          </reporter-output>
        </test-method> <!-- tearDown -->
      </class> <!-- testCases.TC_002_Login -->
    </test> <!-- OpenCartTests -->
  </suite> <!-- OpenCartSuit -->
</testng-results>
